<?xml version="1.0" encoding="UTF-8"?>
<testsuite name="com.example.thunderscope_frontend.ExampleUnitTest" tests="1" skipped="0" failures="0" errors="0" timestamp="2025-03-20T14:31:38" hostname="DESKTOP-A4LC06R" time="0.003">
  <properties/>
  <testcase name="addition_isCorrect" classname="com.example.thunderscope_frontend.ExampleUnitTest" time="0.003"/>
  <system-out><![CDATA[]]></system-out>
  <system-err><![CDATA[]]></system-err>
</testsuite>
